#
# There is insufficient memory for the Java Runtime Environment to continue.
# Native memory allocation (mmap) failed to map 30408704 bytes for G1 virtual space
# Possible reasons:
#   The system is out of physical RAM or swap space
#   The process is running with CompressedOops enabled, and the Java Heap may be blocking the growth of the native heap
# Possible solutions:
#   Reduce memory load on the system
#   Increase physical memory or swap space
#   Check if swap backing store is full
#   Decrease Java heap size (-Xmx/-Xms)
#   Decrease number of Java threads
#   Decrease Java thread stack sizes (-Xss)
#   Set larger code cache with -XX:ReservedCodeCacheSize=
#   JVM is running with Unscaled Compressed Oops mode in which the Java heap is
#     placed in the first 4GB address space. The Java Heap base address is the
#     maximum limit for the native heap growth. Please use -XX:HeapBaseMinAddress
#     to set the Java Heap base and to place the Java Heap above 4GB virtual address.
# This output file may be truncated or incomplete.
#
#  Out of Memory Error (os_windows.cpp:3603), pid=6240, tid=3352
#
# JRE version: Java(TM) SE Runtime Environment (21.0.6+8) (build 21.0.6+8-LTS-188)
# Java VM: Java HotSpot(TM) 64-Bit Server VM (21.0.6+8-LTS-188, mixed mode, sharing, tiered, compressed oops, compressed class ptrs, g1 gc, windows-amd64)
# No core dump will be written. Minidumps are not enabled by default on client versions of Windows
#

---------------  S U M M A R Y ------------

Command Line: --add-opens=java.base/java.util=ALL-UNNAMED --add-opens=java.base/java.lang=ALL-UNNAMED --add-opens=java.base/java.lang.invoke=ALL-UNNAMED --add-opens=java.prefs/java.util.prefs=ALL-UNNAMED --add-exports=jdk.compiler/com.sun.tools.javac.api=ALL-UNNAMED --add-exports=jdk.compiler/com.sun.tools.javac.util=ALL-UNNAMED --add-opens=java.base/java.nio.charset=ALL-UNNAMED --add-opens=java.base/java.net=ALL-UNNAMED --add-opens=java.base/java.util.concurrent.atomic=ALL-UNNAMED -Xmx2048m -Dfile.encoding=UTF-8 -Duser.country=US -Duser.language=en -Duser.variant -javaagent:C:\Users\Admin\.gradle\wrapper\dists\gradle-8.10.2-bin\a04bxjujx95o3nb99gddekhwo\gradle-8.10.2\lib\agents\gradle-instrumentation-agent-8.10.2.jar org.gradle.launcher.daemon.bootstrap.GradleDaemon 8.10.2

Host: AMD Ryzen 5 3550H with Radeon Vega Mobile Gfx  , 8 cores, 13G,  Windows 11 , 64 bit Build 22621 (10.0.22621.3371)
Time: Fri May 16 17:02:16 2025 Morocco Daylight Time elapsed time: 47.153738 seconds (0d 0h 0m 47s)

---------------  T H R E A D  ---------------

Current thread (0x00000224c130ccd0):  VMThread "VM Thread"          [id=3352, stack(0x00000036dbb00000,0x00000036dbc00000) (1024K)]

Stack: [0x00000036dbb00000,0x00000036dbc00000]
Native frames: (J=compiled Java code, j=interpreted, Vv=VM code, C=native code)
V  [jvm.dll+0x6ca6d9]
V  [jvm.dll+0x854f51]
V  [jvm.dll+0x85747e]
V  [jvm.dll+0x857b53]
V  [jvm.dll+0x27dcc6]
V  [jvm.dll+0x6c6e55]
V  [jvm.dll+0x6bb9da]
V  [jvm.dll+0x35393a]
V  [jvm.dll+0x35b596]
V  [jvm.dll+0x3adefe]
V  [jvm.dll+0x3ae1a8]
V  [jvm.dll+0x327cbc]
V  [jvm.dll+0x32a516]
V  [jvm.dll+0x3344c8]
V  [jvm.dll+0x36a795]
V  [jvm.dll+0x85d920]
V  [jvm.dll+0x85eca4]
V  [jvm.dll+0x85f1e0]
V  [jvm.dll+0x85f483]
V  [jvm.dll+0x7ff2fb]
V  [jvm.dll+0x6c8dbd]
C  [ucrtbase.dll+0x29333]
C  [KERNEL32.DLL+0x1257d]
C  [ntdll.dll+0x5aa48]

VM_Operation (0x00000036db6ff9f0): G1PauseRemark, mode: safepoint, requested by thread 0x00000224a49643c0


---------------  P R O C E S S  ---------------

Threads class SMR info:
_java_thread_list=0x0000022508d8ae00, length=63, elements={
0x00000224a48f9e80, 0x00000224c1325830, 0x00000224c1326690, 0x00000224c1329fc0,
0x00000224c132cb20, 0x00000224c132d720, 0x00000224c132e910, 0x00000224c1466a10,
0x00000224c1467f20, 0x00000224c15668d0, 0x00000224c1730330, 0x00000225086d9860,
0x00000225088da630, 0x00000225087a3870, 0x000002250898f160, 0x00000225089ad020,
0x00000225089be5e0, 0x00000225089f8d30, 0x0000022508c83ed0, 0x0000022508c84530,
0x0000022508988e10, 0x00000225089873d0, 0x000002250898a1c0, 0x0000022508986d40,
0x00000225089880f0, 0x00000225089894a0, 0x0000022508989b30, 0x0000022508f50ff0,
0x0000022508f4e890, 0x0000022508f4b410, 0x0000022508f4a060, 0x0000022508f4c130,
0x0000022508f4ce50, 0x0000022508f4d4e0, 0x0000022508f4db70, 0x0000022508f4e200,
0x0000022508f4a6f0, 0x0000022508f4f5b0, 0x0000022508f4ad80, 0x0000022508f4baa0,
0x0000022509dd5f00, 0x0000022509dd6590, 0x0000022509dd6c20, 0x0000022509dd5870,
0x0000022509dd72b0, 0x0000022509dd7940, 0x0000022509dd16d0, 0x0000022509dd8660,
0x0000022509dd4b50, 0x0000022509dd23f0, 0x0000022509dd1d60, 0x0000022509dd3110,
0x0000022509dd2a80, 0x0000022509dd37a0, 0x0000022509dd3e30, 0x0000022509dd44c0,
0x0000022509dd51e0, 0x000002250b460870, 0x000002250b465730, 0x000002250b464380,
0x000002250b466450, 0x000002250b461c20, 0x000002250d05ea30
}

Java Threads: ( => current thread )
  0x00000224a48f9e80 JavaThread "main"                              [_thread_blocked, id=12168, stack(0x00000036db400000,0x00000036db500000) (1024K)]
  0x00000224c1325830 JavaThread "Reference Handler"          daemon [_thread_blocked, id=7112, stack(0x00000036dbc00000,0x00000036dbd00000) (1024K)]
  0x00000224c1326690 JavaThread "Finalizer"                  daemon [_thread_blocked, id=13356, stack(0x00000036dbd00000,0x00000036dbe00000) (1024K)]
  0x00000224c1329fc0 JavaThread "Signal Dispatcher"          daemon [_thread_blocked, id=14756, stack(0x00000036dbe00000,0x00000036dbf00000) (1024K)]
  0x00000224c132cb20 JavaThread "Attach Listener"            daemon [_thread_blocked, id=15472, stack(0x00000036dbf00000,0x00000036dc000000) (1024K)]
  0x00000224c132d720 JavaThread "Service Thread"             daemon [_thread_blocked, id=9476, stack(0x00000036dc000000,0x00000036dc100000) (1024K)]
  0x00000224c132e910 JavaThread "Monitor Deflation Thread"   daemon [_thread_blocked, id=2424, stack(0x00000036dc100000,0x00000036dc200000) (1024K)]
  0x00000224c1466a10 JavaThread "C2 CompilerThread0"         daemon [_thread_blocked, id=6252, stack(0x00000036dc200000,0x00000036dc300000) (1024K)]
  0x00000224c1467f20 JavaThread "C1 CompilerThread0"         daemon [_thread_blocked, id=8828, stack(0x00000036dc300000,0x00000036dc400000) (1024K)]
  0x00000224c15668d0 JavaThread "Common-Cleaner"             daemon [_thread_blocked, id=13196, stack(0x00000036dc400000,0x00000036dc500000) (1024K)]
  0x00000224c1730330 JavaThread "Notification Thread"        daemon [_thread_blocked, id=11992, stack(0x00000036dc500000,0x00000036dc600000) (1024K)]
  0x00000225086d9860 JavaThread "Daemon health stats"               [_thread_blocked, id=13112, stack(0x00000036dcd00000,0x00000036dce00000) (1024K)]
  0x00000225088da630 JavaThread "Incoming local TCP Connector on port 55640"        [_thread_in_native, id=3076, stack(0x00000036dce00000,0x00000036dcf00000) (1024K)]
  0x00000225087a3870 JavaThread "Daemon periodic checks"            [_thread_blocked, id=1952, stack(0x00000036dcf00000,0x00000036dd000000) (1024K)]
  0x000002250898f160 JavaThread "Daemon"                            [_thread_blocked, id=6272, stack(0x00000036dd000000,0x00000036dd100000) (1024K)]
  0x00000225089ad020 JavaThread "Handler for socket connection from /127.0.0.1:55640 to /127.0.0.1:55641"        [_thread_in_native, id=3116, stack(0x00000036dd100000,0x00000036dd200000) (1024K)]
  0x00000225089be5e0 JavaThread "Cancel handler"                    [_thread_blocked, id=15812, stack(0x00000036dd200000,0x00000036dd300000) (1024K)]
  0x00000225089f8d30 JavaThread "Daemon worker"                     [_thread_blocked, id=12448, stack(0x00000036dd300000,0x00000036dd400000) (1024K)]
  0x0000022508c83ed0 JavaThread "Asynchronous log dispatcher for DefaultDaemonConnection: socket connection from /127.0.0.1:55640 to /127.0.0.1:55641"        [_thread_blocked, id=5704, stack(0x00000036dd400000,0x00000036dd500000) (1024K)]
  0x0000022508c84530 JavaThread "Stdin handler"                     [_thread_blocked, id=11100, stack(0x00000036dd500000,0x00000036dd600000) (1024K)]
  0x0000022508988e10 JavaThread "Daemon client event forwarder"        [_thread_blocked, id=15124, stack(0x00000036dd600000,0x00000036dd700000) (1024K)]
  0x00000225089873d0 JavaThread "Cache worker for journal cache (C:\Users\Admin\.gradle\caches\journal-1)"        [_thread_blocked, id=11696, stack(0x00000036dd700000,0x00000036dd800000) (1024K)]
  0x000002250898a1c0 JavaThread "File lock request listener"        [_thread_in_native, id=2388, stack(0x00000036dd800000,0x00000036dd900000) (1024K)]
  0x0000022508986d40 JavaThread "Cache worker for file hash cache (C:\Users\Admin\.gradle\caches\8.10.2\fileHashes)"        [_thread_blocked, id=6372, stack(0x00000036dd900000,0x00000036dda00000) (1024K)]
  0x00000225089880f0 JavaThread "Cache worker for file hash cache (C:\Users\Admin\AndroidStudioProjects\RoomWordsSample\.gradle\8.10.2\fileHashes)"        [_thread_blocked, id=16432, stack(0x00000036ddb00000,0x00000036ddc00000) (1024K)]
  0x00000225089894a0 JavaThread "Cache worker for Build Output Cleanup Cache (C:\Users\Admin\AndroidStudioProjects\RoomWordsSample\.gradle\buildOutputCleanup)"        [_thread_blocked, id=16436, stack(0x00000036ddc00000,0x00000036ddd00000) (1024K)]
  0x0000022508989b30 JavaThread "File watcher server"        daemon [_thread_blocked, id=16552, stack(0x00000036ddd00000,0x00000036dde00000) (1024K)]
  0x0000022508f50ff0 JavaThread "File watcher consumer"      daemon [_thread_blocked, id=16556, stack(0x00000036dde00000,0x00000036ddf00000) (1024K)]
  0x0000022508f4e890 JavaThread "jar transforms"                    [_thread_blocked, id=16648, stack(0x00000036ddf00000,0x00000036de000000) (1024K)]
  0x0000022508f4b410 JavaThread "jar transforms Thread 2"           [_thread_blocked, id=16652, stack(0x00000036de000000,0x00000036de100000) (1024K)]
  0x0000022508f4a060 JavaThread "jar transforms Thread 3"           [_thread_blocked, id=16656, stack(0x00000036de100000,0x00000036de200000) (1024K)]
  0x0000022508f4c130 JavaThread "Cache worker for checksums cache (C:\Users\Admin\AndroidStudioProjects\RoomWordsSample\.gradle\8.10.2\checksums)"        [_thread_blocked, id=16748, stack(0x00000036de200000,0x00000036de300000) (1024K)]
  0x0000022508f4ce50 JavaThread "Cache worker for file content cache (C:\Users\Admin\.gradle\caches\8.10.2\fileContent)"        [_thread_blocked, id=16776, stack(0x00000036de300000,0x00000036de400000) (1024K)]
  0x0000022508f4d4e0 JavaThread "Cache worker for cache directory md-rule (C:\Users\Admin\.gradle\caches\8.10.2\md-rule)"        [_thread_blocked, id=16812, stack(0x00000036de400000,0x00000036de500000) (1024K)]
  0x0000022508f4db70 JavaThread "Cache worker for cache directory md-supplier (C:\Users\Admin\.gradle\caches\8.10.2\md-supplier)"        [_thread_blocked, id=16824, stack(0x00000036de500000,0x00000036de600000) (1024K)]
  0x0000022508f4e200 JavaThread "jar transforms Thread 4"           [_thread_blocked, id=16904, stack(0x00000036de600000,0x00000036de700000) (1024K)]
  0x0000022508f4a6f0 JavaThread "jar transforms Thread 5"           [_thread_blocked, id=16908, stack(0x00000036de700000,0x00000036de800000) (1024K)]
  0x0000022508f4f5b0 JavaThread "jar transforms Thread 6"           [_thread_blocked, id=17404, stack(0x00000036de800000,0x00000036de900000) (1024K)]
  0x0000022508f4ad80 JavaThread "jar transforms Thread 7"           [_thread_blocked, id=8708, stack(0x00000036de900000,0x00000036dea00000) (1024K)]
  0x0000022508f4baa0 JavaThread "jar transforms Thread 8"           [_thread_blocked, id=5304, stack(0x00000036dea00000,0x00000036deb00000) (1024K)]
  0x0000022509dd5f00 JavaThread "Unconstrained build operations"        [_thread_blocked, id=17660, stack(0x00000036deb00000,0x00000036dec00000) (1024K)]
  0x0000022509dd6590 JavaThread "Unconstrained build operations Thread 2"        [_thread_blocked, id=17664, stack(0x00000036dec00000,0x00000036ded00000) (1024K)]
  0x0000022509dd6c20 JavaThread "Unconstrained build operations Thread 3"        [_thread_blocked, id=17668, stack(0x00000036ded00000,0x00000036dee00000) (1024K)]
  0x0000022509dd5870 JavaThread "Unconstrained build operations Thread 4"        [_thread_blocked, id=17672, stack(0x00000036dee00000,0x00000036def00000) (1024K)]
  0x0000022509dd72b0 JavaThread "Unconstrained build operations Thread 5"        [_thread_blocked, id=17676, stack(0x00000036def00000,0x00000036df000000) (1024K)]
  0x0000022509dd7940 JavaThread "Unconstrained build operations Thread 6"        [_thread_blocked, id=17680, stack(0x00000036df000000,0x00000036df100000) (1024K)]
  0x0000022509dd16d0 JavaThread "Unconstrained build operations Thread 7"        [_thread_blocked, id=17684, stack(0x00000036df100000,0x00000036df200000) (1024K)]
  0x0000022509dd8660 JavaThread "Unconstrained build operations Thread 8"        [_thread_blocked, id=17688, stack(0x00000036df200000,0x00000036df300000) (1024K)]
  0x0000022509dd4b50 JavaThread "Unconstrained build operations Thread 9"        [_thread_blocked, id=17692, stack(0x00000036df300000,0x00000036df400000) (1024K)]
  0x0000022509dd23f0 JavaThread "Unconstrained build operations Thread 10"        [_thread_blocked, id=17696, stack(0x00000036df400000,0x00000036df500000) (1024K)]
  0x0000022509dd1d60 JavaThread "Unconstrained build operations Thread 11"        [_thread_blocked, id=17700, stack(0x00000036df500000,0x00000036df600000) (1024K)]
  0x0000022509dd3110 JavaThread "Unconstrained build operations Thread 12"        [_thread_blocked, id=17704, stack(0x00000036df600000,0x00000036df700000) (1024K)]
  0x0000022509dd2a80 JavaThread "Unconstrained build operations Thread 13"        [_thread_blocked, id=17708, stack(0x00000036df700000,0x00000036df800000) (1024K)]
  0x0000022509dd37a0 JavaThread "Unconstrained build operations Thread 14"        [_thread_blocked, id=17712, stack(0x00000036df800000,0x00000036df900000) (1024K)]
  0x0000022509dd3e30 JavaThread "Unconstrained build operations Thread 15"        [_thread_blocked, id=17764, stack(0x00000036df900000,0x00000036dfa00000) (1024K)]
  0x0000022509dd44c0 JavaThread "Unconstrained build operations Thread 16"        [_thread_blocked, id=17768, stack(0x00000036dfa00000,0x00000036dfb00000) (1024K)]
  0x0000022509dd51e0 JavaThread "Unconstrained build operations Thread 17"        [_thread_blocked, id=17772, stack(0x00000036dfb00000,0x00000036dfc00000) (1024K)]
  0x000002250b460870 JavaThread "Unconstrained build operations Thread 18"        [_thread_blocked, id=17776, stack(0x00000036dfc00000,0x00000036dfd00000) (1024K)]
  0x000002250b465730 JavaThread "Unconstrained build operations Thread 19"        [_thread_blocked, id=17780, stack(0x00000036dfd00000,0x00000036dfe00000) (1024K)]
  0x000002250b464380 JavaThread "Unconstrained build operations Thread 20"        [_thread_blocked, id=17784, stack(0x00000036dfe00000,0x00000036dff00000) (1024K)]
  0x000002250b466450 JavaThread "Unconstrained build operations Thread 21"        [_thread_blocked, id=17788, stack(0x00000036dff00000,0x00000036e0000000) (1024K)]
  0x000002250b461c20 JavaThread "Memory manager"                    [_thread_blocked, id=18164, stack(0x00000036e0000000,0x00000036e0100000) (1024K)]
  0x000002250d05ea30 JavaThread "Kotlin DSL Writer"                 [_thread_blocked, id=17760, stack(0x00000036e0100000,0x00000036e0200000) (1024K)]
Total: 63

Other Threads:
=>0x00000224c130ccd0 VMThread "VM Thread"                           [id=3352, stack(0x00000036dbb00000,0x00000036dbc00000) (1024K)]
  0x00000224c12fa910 WatcherThread "VM Periodic Task Thread"        [id=9464, stack(0x00000036dba00000,0x00000036dbb00000) (1024K)]
  0x00000224a4953230 WorkerThread "GC Thread#0"                     [id=5864, stack(0x00000036db500000,0x00000036db600000) (1024K)]
  0x00000225075a8f60 WorkerThread "GC Thread#1"                     [id=10192, stack(0x00000036dc600000,0x00000036dc700000) (1024K)]
  0x00000225075a9300 WorkerThread "GC Thread#2"                     [id=16332, stack(0x00000036dc700000,0x00000036dc800000) (1024K)]
  0x0000022507535f50 WorkerThread "GC Thread#3"                     [id=8180, stack(0x00000036dc800000,0x00000036dc900000) (1024K)]
  0x00000225075362f0 WorkerThread "GC Thread#4"                     [id=10716, stack(0x00000036dc900000,0x00000036dca00000) (1024K)]
  0x00000225082fc6e0 WorkerThread "GC Thread#5"                     [id=12412, stack(0x00000036dca00000,0x00000036dcb00000) (1024K)]
  0x00000225082fca80 WorkerThread "GC Thread#6"                     [id=14792, stack(0x00000036dcb00000,0x00000036dcc00000) (1024K)]
  0x00000225082fce20 WorkerThread "GC Thread#7"                     [id=11936, stack(0x00000036dcc00000,0x00000036dcd00000) (1024K)]
  0x00000224a49643c0 ConcurrentGCThread "G1 Main Marker"            [id=14344, stack(0x00000036db600000,0x00000036db700000) (1024K)]
  0x00000224a4964ec0 WorkerThread "G1 Conc#0"                       [id=908, stack(0x00000036db700000,0x00000036db800000) (1024K)]
  0x0000022508b7b150 WorkerThread "G1 Conc#1"                       [id=16400, stack(0x00000036dda00000,0x00000036ddb00000) (1024K)]
  0x00000224a49be980 ConcurrentGCThread "G1 Refine#0"               [id=3996, stack(0x00000036db800000,0x00000036db900000) (1024K)]
  0x00000224c11cd7c0 ConcurrentGCThread "G1 Service"                [id=9532, stack(0x00000036db900000,0x00000036dba00000) (1024K)]
Total: 15

Threads with active compile tasks:
Total: 0

VM state: at safepoint (normal execution)

VM Mutex/Monitor currently owned by a thread:  ([mutex/lock_event])
[0x00007ffd3321de98] Threads_lock - owner thread: 0x00000224c130ccd0
[0x00007ffd3321df98] Heap_lock - owner thread: 0x00000224a49643c0

Heap address: 0x0000000080000000, size: 2048 MB, Compressed Oops mode: 32-bit

CDS archive(s) mapped at: [0x00000224c2000000-0x00000224c2c90000-0x00000224c2c90000), size 13172736, SharedBaseAddress: 0x00000224c2000000, ArchiveRelocationMode: 1.
Compressed class space mapped at: 0x00000224c3000000-0x0000022503000000, reserved size: 1073741824
Narrow klass base: 0x00000224c2000000, Narrow klass shift: 0, Narrow klass range: 0x100000000

GC Precious Log:
 CardTable entry size: 512
 Card Set container configuration: InlinePtr #cards 5 size 8 Array Of Cards #cards 12 size 40 Howl #buckets 4 coarsen threshold 1843 Howl Bitmap #cards 512 size 80 coarsen threshold 460 Card regions per heap region 1 cards per card region 2048
 CPUs: 8 total, 8 available
 Memory: 14269M
 Large Page Support: Disabled
 NUMA Support: Disabled
 Compressed Oops: Enabled (32-bit)
 Heap Region Size: 1M
 Heap Min Capacity: 8M
 Heap Initial Capacity: 224M
 Heap Max Capacity: 2G
 Pre-touch: Disabled
 Parallel Workers: 8
 Concurrent Workers: 2
 Concurrent Refinement Workers: 8
 Periodic GC: Disabled

Heap:
 garbage-first heap   total 151552K, used 106713K [0x0000000080000000, 0x0000000100000000)
  region size 1024K, 10 young (10240K), 6 survivors (6144K)
 Metaspace       used 90719K, committed 92864K, reserved 1179648K
  class space    used 12487K, committed 13568K, reserved 1048576K

Heap Regions: E=young(eden), S=young(survivor), O=old, HS=humongous(starts), HC=humongous(continues), CS=collection set, F=free, TAMS=top-at-mark-start, PB=parsable bottom
|   0|0x0000000080000000, 0x0000000080100000, 0x0000000080100000|100%| O|  |TAMS 0x0000000080100000| PB 0x0000000080100000| Untracked 
|   1|0x0000000080100000, 0x0000000080200000, 0x0000000080200000|100%| O|  |TAMS 0x0000000080200000| PB 0x0000000080200000| Updating 
|   2|0x0000000080200000, 0x0000000080300000, 0x0000000080300000|100%|HS|  |TAMS 0x0000000080300000| PB 0x0000000080200000| Complete 
|   3|0x0000000080300000, 0x0000000080400000, 0x0000000080400000|100%|HC|  |TAMS 0x0000000080400000| PB 0x0000000080300000| Complete 
|   4|0x0000000080400000, 0x0000000080500000, 0x0000000080500000|100%|HC|  |TAMS 0x0000000080500000| PB 0x0000000080400000| Complete 
|   5|0x0000000080500000, 0x0000000080600000, 0x0000000080600000|100%|HC|  |TAMS 0x0000000080600000| PB 0x0000000080500000| Complete 
|   6|0x0000000080600000, 0x0000000080700000, 0x0000000080700000|100%| O|  |TAMS 0x0000000080700000| PB 0x0000000080700000| Updating 
|   7|0x0000000080700000, 0x0000000080800000, 0x0000000080800000|100%| O|  |TAMS 0x0000000080800000| PB 0x0000000080800000| Untracked 
|   8|0x0000000080800000, 0x0000000080900000, 0x0000000080900000|100%| O|  |TAMS 0x0000000080900000| PB 0x0000000080900000| Untracked 
|   9|0x0000000080900000, 0x0000000080a00000, 0x0000000080a00000|100%|HS|  |TAMS 0x0000000080a00000| PB 0x0000000080900000| Complete 
|  10|0x0000000080a00000, 0x0000000080b00000, 0x0000000080b00000|100%| O|  |TAMS 0x0000000080b00000| PB 0x0000000080b00000| Untracked 
|  11|0x0000000080b00000, 0x0000000080c00000, 0x0000000080c00000|100%| O|  |TAMS 0x0000000080c00000| PB 0x0000000080c00000| Untracked 
|  12|0x0000000080c00000, 0x0000000080d00000, 0x0000000080d00000|100%| O|  |TAMS 0x0000000080d00000| PB 0x0000000080d00000| Untracked 
|  13|0x0000000080d00000, 0x0000000080e00000, 0x0000000080e00000|100%| O|  |TAMS 0x0000000080e00000| PB 0x0000000080e00000| Untracked 
|  14|0x0000000080e00000, 0x0000000080f00000, 0x0000000080f00000|100%| O|  |TAMS 0x0000000080f00000| PB 0x0000000080f00000| Untracked 
|  15|0x0000000080f00000, 0x0000000081000000, 0x0000000081000000|100%| O|  |TAMS 0x0000000081000000| PB 0x0000000081000000| Untracked 
|  16|0x0000000081000000, 0x0000000081100000, 0x0000000081100000|100%| O|  |TAMS 0x0000000081100000| PB 0x0000000081100000| Untracked 
|  17|0x0000000081100000, 0x0000000081200000, 0x0000000081200000|100%| O|  |TAMS 0x0000000081200000| PB 0x0000000081200000| Untracked 
|  18|0x0000000081200000, 0x0000000081300000, 0x0000000081300000|100%| O|  |TAMS 0x0000000081300000| PB 0x0000000081300000| Untracked 
|  19|0x0000000081300000, 0x0000000081400000, 0x0000000081400000|100%| O|  |TAMS 0x0000000081400000| PB 0x0000000081400000| Untracked 
|  20|0x0000000081400000, 0x0000000081500000, 0x0000000081500000|100%| O|  |TAMS 0x0000000081500000| PB 0x0000000081500000| Untracked 
|  21|0x0000000081500000, 0x0000000081600000, 0x0000000081600000|100%| O|  |TAMS 0x0000000081600000| PB 0x0000000081600000| Untracked 
|  22|0x0000000081600000, 0x0000000081700000, 0x0000000081700000|100%| O|  |TAMS 0x0000000081700000| PB 0x0000000081700000| Untracked 
|  23|0x0000000081700000, 0x0000000081800000, 0x0000000081800000|100%| O|  |TAMS 0x0000000081800000| PB 0x0000000081800000| Updating 
|  24|0x0000000081800000, 0x0000000081900000, 0x0000000081900000|100%| O|  |TAMS 0x0000000081900000| PB 0x0000000081900000| Updating 
|  25|0x0000000081900000, 0x0000000081a00000, 0x0000000081a00000|100%| O|  |TAMS 0x0000000081a00000| PB 0x0000000081a00000| Untracked 
|  26|0x0000000081a00000, 0x0000000081b00000, 0x0000000081b00000|100%| O|  |TAMS 0x0000000081b00000| PB 0x0000000081b00000| Untracked 
|  27|0x0000000081b00000, 0x0000000081c00000, 0x0000000081c00000|100%| O|  |TAMS 0x0000000081c00000| PB 0x0000000081c00000| Untracked 
|  28|0x0000000081c00000, 0x0000000081d00000, 0x0000000081d00000|100%| O|  |TAMS 0x0000000081d00000| PB 0x0000000081d00000| Untracked 
|  29|0x0000000081d00000, 0x0000000081e00000, 0x0000000081e00000|100%| O|  |TAMS 0x0000000081d00000| PB 0x0000000081d00000| Untracked 
|  30|0x0000000081e00000, 0x0000000081f00000, 0x0000000081f00000|100%| O|  |TAMS 0x0000000081f00000| PB 0x0000000081f00000| Untracked 
|  31|0x0000000081f00000, 0x0000000082000000, 0x0000000082000000|100%| O|  |TAMS 0x0000000082000000| PB 0x0000000082000000| Updating 
|  32|0x0000000082000000, 0x0000000082100000, 0x0000000082100000|100%| O|  |TAMS 0x0000000082100000| PB 0x0000000082100000| Updating 
|  33|0x0000000082100000, 0x0000000082200000, 0x0000000082200000|100%| O|  |TAMS 0x0000000082200000| PB 0x0000000082200000| Untracked 
|  34|0x0000000082200000, 0x0000000082300000, 0x0000000082300000|100%| O|  |TAMS 0x0000000082300000| PB 0x0000000082300000| Updating 
|  35|0x0000000082300000, 0x0000000082400000, 0x0000000082400000|100%| O|  |TAMS 0x0000000082400000| PB 0x0000000082400000| Untracked 
|  36|0x0000000082400000, 0x0000000082500000, 0x0000000082500000|100%| O|  |TAMS 0x0000000082500000| PB 0x0000000082500000| Updating 
|  37|0x0000000082500000, 0x0000000082600000, 0x0000000082600000|100%| O|  |TAMS 0x0000000082600000| PB 0x0000000082600000| Updating 
|  38|0x0000000082600000, 0x0000000082700000, 0x0000000082700000|100%| O|  |TAMS 0x0000000082700000| PB 0x0000000082700000| Updating 
|  39|0x0000000082700000, 0x0000000082800000, 0x0000000082800000|100%|HS|  |TAMS 0x0000000082800000| PB 0x0000000082700000| Complete 
|  40|0x0000000082800000, 0x0000000082900000, 0x0000000082900000|100%| O|  |TAMS 0x0000000082900000| PB 0x0000000082900000| Untracked 
|  41|0x0000000082900000, 0x0000000082a00000, 0x0000000082a00000|100%| O|  |TAMS 0x0000000082a00000| PB 0x0000000082a00000| Untracked 
|  42|0x0000000082a00000, 0x0000000082b00000, 0x0000000082b00000|100%| O|  |TAMS 0x0000000082b00000| PB 0x0000000082b00000| Untracked 
|  43|0x0000000082b00000, 0x0000000082c00000, 0x0000000082c00000|100%| O|  |TAMS 0x0000000082c00000| PB 0x0000000082c00000| Updating 
|  44|0x0000000082c00000, 0x0000000082d00000, 0x0000000082d00000|100%| O|  |TAMS 0x0000000082d00000| PB 0x0000000082d00000| Untracked 
|  45|0x0000000082d00000, 0x0000000082e00000, 0x0000000082e00000|100%| O|  |TAMS 0x0000000082e00000| PB 0x0000000082e00000| Updating 
|  46|0x0000000082e00000, 0x0000000082f00000, 0x0000000082f00000|100%| O|  |TAMS 0x0000000082f00000| PB 0x0000000082f00000| Untracked 
|  47|0x0000000082f00000, 0x0000000083000000, 0x0000000083000000|100%| O|  |TAMS 0x0000000083000000| PB 0x0000000083000000| Untracked 
|  48|0x0000000083000000, 0x0000000083100000, 0x0000000083100000|100%| O|  |TAMS 0x0000000083100000| PB 0x0000000083100000| Untracked 
|  49|0x0000000083100000, 0x0000000083200000, 0x0000000083200000|100%| O|  |TAMS 0x0000000083200000| PB 0x0000000083200000| Untracked 
|  50|0x0000000083200000, 0x0000000083300000, 0x0000000083300000|100%| O|  |TAMS 0x0000000083200000| PB 0x0000000083200000| Untracked 
|  51|0x0000000083300000, 0x0000000083400000, 0x0000000083400000|100%|HS|  |TAMS 0x0000000083400000| PB 0x0000000083300000| Complete 
|  52|0x0000000083400000, 0x0000000083500000, 0x0000000083500000|100%|HS|  |TAMS 0x0000000083500000| PB 0x0000000083400000| Complete 
|  53|0x0000000083500000, 0x0000000083600000, 0x0000000083600000|100%|HS|  |TAMS 0x0000000083600000| PB 0x0000000083500000| Complete 
|  54|0x0000000083600000, 0x0000000083700000, 0x0000000083700000|100%|HS|  |TAMS 0x0000000083700000| PB 0x0000000083600000| Complete 
|  55|0x0000000083700000, 0x0000000083800000, 0x0000000083800000|100%| O|  |TAMS 0x0000000083800000| PB 0x0000000083800000| Untracked 
|  56|0x0000000083800000, 0x0000000083900000, 0x0000000083900000|100%|HS|  |TAMS 0x0000000083900000| PB 0x0000000083800000| Complete 
|  57|0x0000000083900000, 0x0000000083a00000, 0x0000000083a00000|100%| O|  |TAMS 0x0000000083900000| PB 0x0000000083900000| Untracked 
|  58|0x0000000083a00000, 0x0000000083b00000, 0x0000000083b00000|100%| O|  |TAMS 0x0000000083b00000| PB 0x0000000083b00000| Untracked 
|  59|0x0000000083b00000, 0x0000000083c00000, 0x0000000083c00000|100%| O|  |TAMS 0x0000000083c00000| PB 0x0000000083c00000| Untracked 
|  60|0x0000000083c00000, 0x0000000083d00000, 0x0000000083d00000|100%| O|  |TAMS 0x0000000083d00000| PB 0x0000000083d00000| Updating 
|  61|0x0000000083d00000, 0x0000000083e00000, 0x0000000083e00000|100%| O|  |TAMS 0x0000000083e00000| PB 0x0000000083e00000| Untracked 
|  62|0x0000000083e00000, 0x0000000083f00000, 0x0000000083f00000|100%|HS|  |TAMS 0x0000000083f00000| PB 0x0000000083e00000| Complete 
|  63|0x0000000083f00000, 0x0000000084000000, 0x0000000084000000|100%| O|  |TAMS 0x0000000084000000| PB 0x0000000084000000| Untracked 
|  64|0x0000000084000000, 0x0000000084100000, 0x0000000084100000|100%| O|  |TAMS 0x0000000084100000| PB 0x0000000084100000| Untracked 
|  65|0x0000000084100000, 0x0000000084200000, 0x0000000084200000|100%| O|  |TAMS 0x0000000084200000| PB 0x0000000084200000| Untracked 
|  66|0x0000000084200000, 0x0000000084300000, 0x0000000084300000|100%| O|  |TAMS 0x0000000084300000| PB 0x0000000084300000| Untracked 
|  67|0x0000000084300000, 0x0000000084400000, 0x0000000084400000|100%| O|  |TAMS 0x0000000084400000| PB 0x0000000084400000| Untracked 
|  68|0x0000000084400000, 0x0000000084500000, 0x0000000084500000|100%| O|  |TAMS 0x0000000084500000| PB 0x0000000084500000| Updating 
|  69|0x0000000084500000, 0x0000000084600000, 0x0000000084600000|100%| O|  |TAMS 0x0000000084600000| PB 0x0000000084600000| Untracked 
|  70|0x0000000084600000, 0x0000000084700000, 0x0000000084700000|100%| O|  |TAMS 0x0000000084700000| PB 0x0000000084700000| Untracked 
|  71|0x0000000084700000, 0x0000000084800000, 0x0000000084800000|100%| O|  |TAMS 0x0000000084800000| PB 0x0000000084800000| Untracked 
|  72|0x0000000084800000, 0x0000000084900000, 0x0000000084900000|100%| O|  |TAMS 0x0000000084900000| PB 0x0000000084900000| Untracked 
|  73|0x0000000084900000, 0x0000000084a00000, 0x0000000084a00000|100%| O|  |TAMS 0x0000000084a00000| PB 0x0000000084a00000| Untracked 
|  74|0x0000000084a00000, 0x0000000084b00000, 0x0000000084b00000|100%| O|  |TAMS 0x0000000084b00000| PB 0x0000000084b00000| Untracked 
|  75|0x0000000084b00000, 0x0000000084c00000, 0x0000000084c00000|100%| O|  |TAMS 0x0000000084c00000| PB 0x0000000084c00000| Untracked 
|  76|0x0000000084c00000, 0x0000000084d00000, 0x0000000084d00000|100%| O|  |TAMS 0x0000000084d00000| PB 0x0000000084d00000| Untracked 
|  77|0x0000000084d00000, 0x0000000084e00000, 0x0000000084e00000|100%| O|  |TAMS 0x0000000084e00000| PB 0x0000000084e00000| Untracked 
|  78|0x0000000084e00000, 0x0000000084f00000, 0x0000000084f00000|100%| O|  |TAMS 0x0000000084f00000| PB 0x0000000084f00000| Untracked 
|  79|0x0000000084f00000, 0x0000000085000000, 0x0000000085000000|100%| O|  |TAMS 0x0000000085000000| PB 0x0000000085000000| Untracked 
|  80|0x0000000085000000, 0x0000000085100000, 0x0000000085100000|100%| O|  |TAMS 0x0000000085100000| PB 0x0000000085100000| Untracked 
|  81|0x0000000085100000, 0x0000000085200000, 0x0000000085200000|100%| O|  |TAMS 0x0000000085200000| PB 0x0000000085200000| Untracked 
|  82|0x0000000085200000, 0x0000000085300000, 0x0000000085300000|100%| O|  |TAMS 0x0000000085200000| PB 0x0000000085200000| Untracked 
|  83|0x0000000085300000, 0x0000000085400000, 0x0000000085400000|100%| O|  |TAMS 0x0000000085300000| PB 0x0000000085300000| Untracked 
|  84|0x0000000085400000, 0x0000000085500000, 0x0000000085500000|100%| O|  |TAMS 0x0000000085500000| PB 0x0000000085500000| Updating 
|  85|0x0000000085500000, 0x0000000085600000, 0x0000000085600000|100%| O|  |TAMS 0x0000000085500000| PB 0x0000000085500000| Untracked 
|  86|0x0000000085600000, 0x0000000085600000, 0x0000000085700000|  0%| F|  |TAMS 0x0000000085600000| PB 0x0000000085600000| Untracked 
|  87|0x0000000085700000, 0x0000000085800000, 0x0000000085800000|100%| O|  |TAMS 0x0000000085700000| PB 0x0000000085700000| Untracked 
|  88|0x0000000085800000, 0x0000000085900000, 0x0000000085900000|100%| O|  |TAMS 0x0000000085800000| PB 0x0000000085800000| Untracked 
|  89|0x0000000085900000, 0x0000000085a00000, 0x0000000085a00000|100%| O|  |TAMS 0x0000000085900000| PB 0x0000000085900000| Untracked 
|  90|0x0000000085a00000, 0x0000000085a36410, 0x0000000085b00000| 21%| O|  |TAMS 0x0000000085a00000| PB 0x0000000085a00000| Updating 
|  91|0x0000000085b00000, 0x0000000085b00000, 0x0000000085c00000|  0%| F|  |TAMS 0x0000000085b00000| PB 0x0000000085b00000| Untracked 
|  92|0x0000000085c00000, 0x0000000085d00000, 0x0000000085d00000|100%| S|CS|TAMS 0x0000000085c00000| PB 0x0000000085c00000| Complete 
|  93|0x0000000085d00000, 0x0000000085e00000, 0x0000000085e00000|100%| S|CS|TAMS 0x0000000085d00000| PB 0x0000000085d00000| Complete 
|  94|0x0000000085e00000, 0x0000000085f00000, 0x0000000085f00000|100%| S|CS|TAMS 0x0000000085e00000| PB 0x0000000085e00000| Complete 
|  95|0x0000000085f00000, 0x0000000086000000, 0x0000000086000000|100%| S|CS|TAMS 0x0000000085f00000| PB 0x0000000085f00000| Complete 
|  96|0x0000000086000000, 0x0000000086000000, 0x0000000086100000|  0%| F|  |TAMS 0x0000000086000000| PB 0x0000000086000000| Untracked 
|  97|0x0000000086100000, 0x0000000086100000, 0x0000000086200000|  0%| F|  |TAMS 0x0000000086100000| PB 0x0000000086100000| Untracked 
|  98|0x0000000086200000, 0x0000000086200000, 0x0000000086300000|  0%| F|  |TAMS 0x0000000086200000| PB 0x0000000086200000| Untracked 
|  99|0x0000000086300000, 0x0000000086300000, 0x0000000086400000|  0%| F|  |TAMS 0x0000000086300000| PB 0x0000000086300000| Untracked 
| 100|0x0000000086400000, 0x0000000086400000, 0x0000000086500000|  0%| F|  |TAMS 0x0000000086400000| PB 0x0000000086400000| Untracked 
| 101|0x0000000086500000, 0x0000000086600000, 0x0000000086600000|100%| S|CS|TAMS 0x0000000086500000| PB 0x0000000086500000| Complete 
| 102|0x0000000086600000, 0x0000000086700000, 0x0000000086700000|100%| S|CS|TAMS 0x0000000086600000| PB 0x0000000086600000| Complete 
| 103|0x0000000086700000, 0x0000000086700000, 0x0000000086800000|  0%| F|  |TAMS 0x0000000086700000| PB 0x0000000086700000| Untracked 
| 104|0x0000000086800000, 0x0000000086800000, 0x0000000086900000|  0%| F|  |TAMS 0x0000000086800000| PB 0x0000000086800000| Untracked 
| 105|0x0000000086900000, 0x0000000086900000, 0x0000000086a00000|  0%| F|  |TAMS 0x0000000086900000| PB 0x0000000086900000| Untracked 
| 106|0x0000000086a00000, 0x0000000086a00000, 0x0000000086b00000|  0%| F|  |TAMS 0x0000000086a00000| PB 0x0000000086a00000| Untracked 
| 107|0x0000000086b00000, 0x0000000086b00000, 0x0000000086c00000|  0%| F|  |TAMS 0x0000000086b00000| PB 0x0000000086b00000| Untracked 
| 108|0x0000000086c00000, 0x0000000086c00000, 0x0000000086d00000|  0%| F|  |TAMS 0x0000000086c00000| PB 0x0000000086c00000| Untracked 
| 109|0x0000000086d00000, 0x0000000086d00000, 0x0000000086e00000|  0%| F|  |TAMS 0x0000000086d00000| PB 0x0000000086d00000| Untracked 
| 110|0x0000000086e00000, 0x0000000086e00000, 0x0000000086f00000|  0%| F|  |TAMS 0x0000000086e00000| PB 0x0000000086e00000| Untracked 
| 111|0x0000000086f00000, 0x0000000086f00000, 0x0000000087000000|  0%| F|  |TAMS 0x0000000086f00000| PB 0x0000000086f00000| Untracked 
| 112|0x0000000087000000, 0x0000000087000000, 0x0000000087100000|  0%| F|  |TAMS 0x0000000087000000| PB 0x0000000087000000| Untracked 
| 113|0x0000000087100000, 0x0000000087100000, 0x0000000087200000|  0%| F|  |TAMS 0x0000000087100000| PB 0x0000000087100000| Untracked 
| 114|0x0000000087200000, 0x0000000087200000, 0x0000000087300000|  0%| F|  |TAMS 0x0000000087200000| PB 0x0000000087200000| Untracked 
| 115|0x0000000087300000, 0x0000000087300000, 0x0000000087400000|  0%| F|  |TAMS 0x0000000087300000| PB 0x0000000087300000| Untracked 
| 116|0x0000000087400000, 0x0000000087400000, 0x0000000087500000|  0%| F|  |TAMS 0x0000000087400000| PB 0x0000000087400000| Untracked 
| 117|0x0000000087500000, 0x0000000087500000, 0x0000000087600000|  0%| F|  |TAMS 0x0000000087500000| PB 0x0000000087500000| Untracked 
| 118|0x0000000087600000, 0x0000000087600000, 0x0000000087700000|  0%| F|  |TAMS 0x0000000087600000| PB 0x0000000087600000| Untracked 
| 119|0x0000000087700000, 0x0000000087700000, 0x0000000087800000|  0%| F|  |TAMS 0x0000000087700000| PB 0x0000000087700000| Untracked 
| 120|0x0000000087800000, 0x0000000087800000, 0x0000000087900000|  0%| F|  |TAMS 0x0000000087800000| PB 0x0000000087800000| Untracked 
| 121|0x0000000087900000, 0x0000000087900000, 0x0000000087a00000|  0%| F|  |TAMS 0x0000000087900000| PB 0x0000000087900000| Untracked 
| 122|0x0000000087a00000, 0x0000000087a00000, 0x0000000087b00000|  0%| F|  |TAMS 0x0000000087a00000| PB 0x0000000087a00000| Untracked 
| 123|0x0000000087b00000, 0x0000000087b00000, 0x0000000087c00000|  0%| F|  |TAMS 0x0000000087b00000| PB 0x0000000087b00000| Untracked 
| 124|0x0000000087c00000, 0x0000000087c00000, 0x0000000087d00000|  0%| F|  |TAMS 0x0000000087c00000| PB 0x0000000087c00000| Untracked 
| 125|0x0000000087d00000, 0x0000000087d00000, 0x0000000087e00000|  0%| F|  |TAMS 0x0000000087d00000| PB 0x0000000087d00000| Untracked 
| 126|0x0000000087e00000, 0x0000000087e00000, 0x0000000087f00000|  0%| F|  |TAMS 0x0000000087e00000| PB 0x0000000087e00000| Untracked 
| 127|0x0000000087f00000, 0x0000000087f00000, 0x0000000088000000|  0%| F|  |TAMS 0x0000000087f00000| PB 0x0000000087f00000| Untracked 
| 128|0x0000000088000000, 0x0000000088000000, 0x0000000088100000|  0%| F|  |TAMS 0x0000000088000000| PB 0x0000000088000000| Untracked 
| 129|0x0000000088100000, 0x0000000088100000, 0x0000000088200000|  0%| F|  |TAMS 0x0000000088100000| PB 0x0000000088100000| Untracked 
| 130|0x0000000088200000, 0x0000000088200000, 0x0000000088300000|  0%| F|  |TAMS 0x0000000088200000| PB 0x0000000088200000| Untracked 
| 131|0x0000000088300000, 0x0000000088300000, 0x0000000088400000|  0%| F|  |TAMS 0x0000000088300000| PB 0x0000000088300000| Untracked 
| 132|0x0000000088400000, 0x0000000088400000, 0x0000000088500000|  0%| F|  |TAMS 0x0000000088400000| PB 0x0000000088400000| Untracked 
| 133|0x0000000088500000, 0x0000000088500000, 0x0000000088600000|  0%| F|  |TAMS 0x0000000088500000| PB 0x0000000088500000| Untracked 
| 134|0x0000000088600000, 0x0000000088600000, 0x0000000088700000|  0%| F|  |TAMS 0x0000000088600000| PB 0x0000000088600000| Untracked 
| 135|0x0000000088700000, 0x0000000088700000, 0x0000000088800000|  0%| F|  |TAMS 0x0000000088700000| PB 0x0000000088700000| Untracked 
| 221|0x000000008dd00000, 0x000000008dd00000, 0x000000008de00000|  0%| F|  |TAMS 0x000000008dd00000| PB 0x000000008dd00000| Untracked 
| 222|0x000000008de00000, 0x000000008de00000, 0x000000008df00000|  0%| F|  |TAMS 0x000000008de00000| PB 0x000000008de00000| Untracked 
| 223|0x000000008df00000, 0x000000008df828c0, 0x000000008e000000| 50%| E|  |TAMS 0x000000008df00000| PB 0x000000008df00000| Complete 
|2039|0x00000000ff700000, 0x00000000ff800000, 0x00000000ff800000|100%| O|  |TAMS 0x00000000ff7a9b90| PB 0x00000000ff7a9b90| Updating 
|2040|0x00000000ff800000, 0x00000000ff900000, 0x00000000ff900000|100%| O|  |TAMS 0x00000000ff900000| PB 0x00000000ff900000| Updating 
|2041|0x00000000ff900000, 0x00000000ffa00000, 0x00000000ffa00000|100%| O|  |TAMS 0x00000000ffa00000| PB 0x00000000ffa00000| Untracked 
|2042|0x00000000ffa00000, 0x00000000ffb00000, 0x00000000ffb00000|100%| O|  |TAMS 0x00000000ffb00000| PB 0x00000000ffb00000| Untracked 
|2043|0x00000000ffb00000, 0x00000000ffc00000, 0x00000000ffc00000|100%| O|  |TAMS 0x00000000ffc00000| PB 0x00000000ffc00000| Updating 
|2044|0x00000000ffc00000, 0x00000000ffd00000, 0x00000000ffd00000|100%| E|CS|TAMS 0x00000000ffc00000| PB 0x00000000ffc00000| Complete 
|2045|0x00000000ffd00000, 0x00000000ffe00000, 0x00000000ffe00000|100%| E|CS|TAMS 0x00000000ffd00000| PB 0x00000000ffd00000| Complete 
|2046|0x00000000ffe00000, 0x00000000fff00000, 0x00000000fff00000|100%| O|  |TAMS 0x00000000fff00000| PB 0x00000000fff00000| Updating 
|2047|0x00000000fff00000, 0x0000000100000000, 0x0000000100000000|100%| E|CS|TAMS 0x00000000fff00000| PB 0x00000000fff00000| Complete 

Card table byte_map: [0x00000224bc4b0000,0x00000224bc8b0000] _byte_map_base: 0x00000224bc0b0000

Marking Bits: (CMBitMap*) 0x00000224a4953930
 Bits: [0x00000224bc8b0000, 0x00000224be8b0000)

Polling page: 0x00000224a2900000

Metaspace:

Usage:
  Non-class:     76.40 MB used.
      Class:     12.19 MB used.
       Both:     88.59 MB used.

Virtual space:
  Non-class space:      128.00 MB reserved,      77.44 MB ( 60%) committed,  2 nodes.
      Class space:        1.00 GB reserved,      13.25 MB (  1%) committed,  1 nodes.
             Both:        1.12 GB reserved,      90.69 MB (  8%) committed. 

Chunk freelists:
   Non-Class:  1.59 MB
       Class:  2.59 MB
        Both:  4.19 MB

MaxMetaspaceSize: unlimited
CompressedClassSpaceSize: 1.00 GB
Initial GC threshold: 21.00 MB
Current GC threshold: 138.12 MB
CDS: on
 - commit_granule_bytes: 65536.
 - commit_granule_words: 8192.
 - virtual_space_node_default_size: 8388608.
 - enlarge_chunks_in_place: 1.
 - use_allocation_guard: 0.


Internal statistics:

num_allocs_failed_limit: 6.
num_arena_births: 3632.
num_arena_deaths: 0.
num_vsnodes_births: 3.
num_vsnodes_deaths: 0.
num_space_committed: 1449.
num_space_uncommitted: 0.
num_chunks_returned_to_freelist: 6.
num_chunks_taken_from_freelist: 7593.
num_chunk_merges: 6.
num_chunk_splits: 5098.
num_chunks_enlarged: 3370.
num_inconsistent_stats: 0.

CodeHeap 'non-profiled nmethods': size=120000Kb used=5185Kb max_used=5220Kb free=114814Kb
 bounds [0x00000224b4850000, 0x00000224b4d70000, 0x00000224bbd80000]
CodeHeap 'profiled nmethods': size=120000Kb used=17234Kb max_used=18062Kb free=102765Kb
 bounds [0x00000224acd80000, 0x00000224adf30000, 0x00000224b42b0000]
CodeHeap 'non-nmethods': size=5760Kb used=2858Kb max_used=2892Kb free=2901Kb
 bounds [0x00000224b42b0000, 0x00000224b45a0000, 0x00000224b4850000]
 total_blobs=10407 nmethods=9446 adapters=865
 compilation: enabled
              stopped_count=0, restarted_count=0
 full_count=0

Compilation events (20 events):
Event: 47.021 Thread 0x00000224c1466a10 11161       4       org.jetbrains.org.objectweb.asm.ClassReader::readUtf (44 bytes)
Event: 47.025 Thread 0x00000224c1467f20 11238   !   3       java.lang.ClassLoader::loadClass (121 bytes)
Event: 47.026 Thread 0x00000224c1467f20 nmethod 11238 0x00000224adf1e090 code [0x00000224adf1e360, 0x00000224adf1f000]
Event: 47.032 Thread 0x00000224c1467f20 11239       3       java.lang.StringConcatHelper::newString (67 bytes)
Event: 47.033 Thread 0x00000224c1467f20 nmethod 11239 0x00000224adf1f690 code [0x00000224adf1f900, 0x00000224adf202b8]
Event: 47.037 Thread 0x00000224c1467f20 11240       3       java.security.SecureClassLoader::defineClass (16 bytes)
Event: 47.037 Thread 0x00000224c1467f20 nmethod 11240 0x00000224adf20610 code [0x00000224adf207c0, 0x00000224adf20968]
Event: 47.053 Thread 0x00000224c1466a10 nmethod 11161 0x00000224b4d66a90 code [0x00000224b4d66ca0, 0x00000224b4d67870]
Event: 47.086 Thread 0x00000224c1466a10 11241       4       jdk.internal.loader.BuiltinClassLoader::loadClassOrNull (7 bytes)
Event: 47.090 Thread 0x00000224c1466a10 nmethod 11241 0x00000224b4d67f10 code [0x00000224b4d68100, 0x00000224b4d684a0]
Event: 47.099 Thread 0x00000224c1467f20 11242   !   3       java.util.zip.ZipCoder$UTF8ZipCoder::compare (81 bytes)
Event: 47.100 Thread 0x00000224c1467f20 nmethod 11242 0x00000224adf20a90 code [0x00000224adf20d00, 0x00000224adf218b8]
Event: 47.109 Thread 0x00000224c1466a10 11243       4       java.lang.String::getBytes (44 bytes)
Event: 47.110 Thread 0x00000224c1467f20 11245   !   3       jdk.internal.loader.URLClassPath$JarLoader::checkResource (73 bytes)
Event: 47.111 Thread 0x00000224c1467f20 nmethod 11245 0x00000224adf21d90 code [0x00000224adf21fe0, 0x00000224adf228f0]
Event: 47.112 Thread 0x00000224c1466a10 nmethod 11243 0x00000224b4d68810 code [0x00000224b4d689a0, 0x00000224b4d68bf0]
Event: 47.112 Thread 0x00000224c1466a10 11244       4       jdk.internal.loader.URLClassPath$JarLoader$2::<init> (31 bytes)
Event: 47.112 Thread 0x00000224c1467f20 11246   !   3       jdk.internal.loader.BuiltinClassLoader::loadClassOrNull (143 bytes)
Event: 47.113 Thread 0x00000224c1467f20 nmethod 11246 0x00000224adf22c90 code [0x00000224adf22f60, 0x00000224adf23ec8]
Event: 47.116 Thread 0x00000224c1466a10 nmethod 11244 0x00000224b4d68d10 code [0x00000224b4d68ea0, 0x00000224b4d69338]

GC Heap History (20 events):
Event: 34.316 GC heap before
{Heap before GC invocations=23 (full 0):
 garbage-first heap   total 105472K, used 95281K [0x0000000080000000, 0x0000000100000000)
  region size 1024K, 28 young (28672K), 1 survivors (1024K)
 Metaspace       used 66687K, committed 68608K, reserved 1114112K
  class space    used 9170K, committed 10112K, reserved 1048576K
}
Event: 34.320 GC heap after
{Heap after GC invocations=24 (full 0):
 garbage-first heap   total 105472K, used 68586K [0x0000000080000000, 0x0000000100000000)
  region size 1024K, 2 young (2048K), 2 survivors (2048K)
 Metaspace       used 66687K, committed 68608K, reserved 1114112K
  class space    used 9170K, committed 10112K, reserved 1048576K
}
Event: 35.331 GC heap before
{Heap before GC invocations=25 (full 0):
 garbage-first heap   total 119808K, used 101354K [0x0000000080000000, 0x0000000100000000)
  region size 1024K, 28 young (28672K), 2 survivors (2048K)
 Metaspace       used 67494K, committed 69504K, reserved 1114112K
  class space    used 9317K, committed 10304K, reserved 1048576K
}
Event: 35.335 GC heap after
{Heap after GC invocations=26 (full 0):
 garbage-first heap   total 119808K, used 74384K [0x0000000080000000, 0x0000000100000000)
  region size 1024K, 4 young (4096K), 4 survivors (4096K)
 Metaspace       used 67494K, committed 69504K, reserved 1114112K
  class space    used 9317K, committed 10304K, reserved 1048576K
}
Event: 36.714 GC heap before
{Heap before GC invocations=26 (full 0):
 garbage-first heap   total 119808K, used 107152K [0x0000000080000000, 0x0000000100000000)
  region size 1024K, 36 young (36864K), 4 survivors (4096K)
 Metaspace       used 69817K, committed 71872K, reserved 1114112K
  class space    used 9602K, committed 10624K, reserved 1048576K
}
Event: 36.719 GC heap after
{Heap after GC invocations=27 (full 0):
 garbage-first heap   total 119808K, used 76122K [0x0000000080000000, 0x0000000100000000)
  region size 1024K, 5 young (5120K), 5 survivors (5120K)
 Metaspace       used 69817K, committed 71872K, reserved 1114112K
  class space    used 9602K, committed 10624K, reserved 1048576K
}
Event: 37.975 GC heap before
{Heap before GC invocations=27 (full 0):
 garbage-first heap   total 119808K, used 105818K [0x0000000080000000, 0x0000000100000000)
  region size 1024K, 35 young (35840K), 5 survivors (5120K)
 Metaspace       used 72286K, committed 74304K, reserved 1114112K
  class space    used 9932K, committed 10944K, reserved 1048576K
}
Event: 37.981 GC heap after
{Heap after GC invocations=28 (full 0):
 garbage-first heap   total 119808K, used 78539K [0x0000000080000000, 0x0000000100000000)
  region size 1024K, 5 young (5120K), 5 survivors (5120K)
 Metaspace       used 72286K, committed 74304K, reserved 1114112K
  class space    used 9932K, committed 10944K, reserved 1048576K
}
Event: 39.587 GC heap before
{Heap before GC invocations=29 (full 0):
 garbage-first heap   total 143360K, used 115403K [0x0000000080000000, 0x0000000100000000)
  region size 1024K, 33 young (33792K), 5 survivors (5120K)
 Metaspace       used 77004K, committed 78976K, reserved 1179648K
  class space    used 10931K, committed 11904K, reserved 1048576K
}
Event: 39.591 GC heap after
{Heap after GC invocations=30 (full 0):
 garbage-first heap   total 143360K, used 79064K [0x0000000080000000, 0x0000000100000000)
  region size 1024K, 3 young (3072K), 3 survivors (3072K)
 Metaspace       used 77004K, committed 78976K, reserved 1179648K
  class space    used 10931K, committed 11904K, reserved 1048576K
}
Event: 40.990 GC heap before
{Heap before GC invocations=30 (full 0):
 garbage-first heap   total 143360K, used 127192K [0x0000000080000000, 0x0000000100000000)
  region size 1024K, 51 young (52224K), 3 survivors (3072K)
 Metaspace       used 79330K, committed 81344K, reserved 1179648K
  class space    used 11128K, committed 12096K, reserved 1048576K
}
Event: 40.994 GC heap after
{Heap after GC invocations=31 (full 0):
 garbage-first heap   total 143360K, used 78998K [0x0000000080000000, 0x0000000100000000)
  region size 1024K, 3 young (3072K), 3 survivors (3072K)
 Metaspace       used 79330K, committed 81344K, reserved 1179648K
  class space    used 11128K, committed 12096K, reserved 1048576K
}
Event: 45.104 GC heap before
{Heap before GC invocations=31 (full 0):
 garbage-first heap   total 143360K, used 130198K [0x0000000080000000, 0x0000000100000000)
  region size 1024K, 53 young (54272K), 3 survivors (3072K)
 Metaspace       used 82510K, committed 84480K, reserved 1179648K
  class space    used 11505K, committed 12480K, reserved 1048576K
}
Event: 45.109 GC heap after
{Heap after GC invocations=32 (full 0):
 garbage-first heap   total 143360K, used 82551K [0x0000000080000000, 0x0000000100000000)
  region size 1024K, 7 young (7168K), 7 survivors (7168K)
 Metaspace       used 82510K, committed 84480K, reserved 1179648K
  class space    used 11505K, committed 12480K, reserved 1048576K
}
Event: 46.257 GC heap before
{Heap before GC invocations=33 (full 0):
 garbage-first heap   total 145408K, used 133751K [0x0000000080000000, 0x0000000100000000)
  region size 1024K, 50 young (51200K), 7 survivors (7168K)
 Metaspace       used 89457K, committed 91520K, reserved 1179648K
  class space    used 12376K, committed 13376K, reserved 1048576K
}
Event: 46.262 GC heap after
{Heap after GC invocations=34 (full 0):
 garbage-first heap   total 145408K, used 91689K [0x0000000080000000, 0x0000000100000000)
  region size 1024K, 6 young (6144K), 6 survivors (6144K)
 Metaspace       used 89457K, committed 91520K, reserved 1179648K
  class space    used 12376K, committed 13376K, reserved 1048576K
}
Event: 46.650 GC heap before
{Heap before GC invocations=34 (full 0):
 garbage-first heap   total 145408K, used 130601K [0x0000000080000000, 0x0000000100000000)
  region size 1024K, 44 young (45056K), 6 survivors (6144K)
 Metaspace       used 89769K, committed 91904K, reserved 1179648K
  class space    used 12382K, committed 13440K, reserved 1048576K
}
Event: 46.662 GC heap after
{Heap after GC invocations=35 (full 0):
 garbage-first heap   total 149504K, used 93862K [0x0000000080000000, 0x0000000100000000)
  region size 1024K, 6 young (6144K), 6 survivors (6144K)
 Metaspace       used 89769K, committed 91904K, reserved 1179648K
  class space    used 12382K, committed 13440K, reserved 1048576K
}
Event: 47.040 GC heap before
{Heap before GC invocations=35 (full 0):
 garbage-first heap   total 149504K, used 131750K [0x0000000080000000, 0x0000000100000000)
  region size 1024K, 43 young (44032K), 6 survivors (6144K)
 Metaspace       used 90388K, committed 92480K, reserved 1179648K
  class space    used 12439K, committed 13504K, reserved 1048576K
}
Event: 47.052 GC heap after
{Heap after GC invocations=36 (full 0):
 garbage-first heap   total 149504K, used 103641K [0x0000000080000000, 0x0000000100000000)
  region size 1024K, 6 young (6144K), 6 survivors (6144K)
 Metaspace       used 90388K, committed 92480K, reserved 1179648K
  class space    used 12439K, committed 13504K, reserved 1048576K
}

Dll operation events (15 events):
Event: 0.064 Loaded shared library C:\Program Files\Java\jdk-21.0.6\bin\java.dll
Event: 0.226 Loaded shared library C:\Program Files\Java\jdk-21.0.6\bin\jsvml.dll
Event: 0.320 Loaded shared library C:\Program Files\Java\jdk-21.0.6\bin\zip.dll
Event: 0.326 Loaded shared library C:\Program Files\Java\jdk-21.0.6\bin\instrument.dll
Event: 0.336 Loaded shared library C:\Program Files\Java\jdk-21.0.6\bin\net.dll
Event: 0.341 Loaded shared library C:\Program Files\Java\jdk-21.0.6\bin\nio.dll
Event: 0.347 Loaded shared library C:\Program Files\Java\jdk-21.0.6\bin\zip.dll
Event: 0.765 Loaded shared library C:\Program Files\Java\jdk-21.0.6\bin\jimage.dll
Event: 1.093 Loaded shared library C:\Program Files\Java\jdk-21.0.6\bin\verify.dll
Event: 1.355 Loaded shared library C:\Users\Admin\.gradle\native\c067742578af261105cb4f569cf0c3c89f3d7b1fecec35dd04571415982c5e48\windows-amd64\native-platform.dll
Event: 1.363 Loaded shared library C:\Users\Admin\.gradle\native\100fb08df4bc3b14c8652ba06237920a3bd2aa13389f12d3474272988ae205f9\windows-amd64\native-platform-file-events.dll
Event: 2.946 Loaded shared library C:\Program Files\Java\jdk-21.0.6\bin\management.dll
Event: 2.952 Loaded shared library C:\Program Files\Java\jdk-21.0.6\bin\management_ext.dll
Event: 3.383 Loaded shared library C:\Program Files\Java\jdk-21.0.6\bin\extnet.dll
Event: 3.631 Loaded shared library C:\Program Files\Java\jdk-21.0.6\bin\sunmscapi.dll

Deoptimization events (20 events):
Event: 46.928 Thread 0x00000225089f8d30 Uncommon trap: trap_request=0xffffff45 fr.pc=0x00000224b4919600 relative=0x00000000000004c0
Event: 46.928 Thread 0x00000225089f8d30 Uncommon trap: reason=unstable_if action=reinterpret pc=0x00000224b4919600 method=java.lang.String.<init>(Ljava/lang/AbstractStringBuilder;Ljava/lang/Void;)V @ 19 c2
Event: 46.928 Thread 0x00000225089f8d30 DEOPT PACKING pc=0x00000224b4919600 sp=0x00000036dd3efdd0
Event: 46.928 Thread 0x00000225089f8d30 DEOPT UNPACKING pc=0x00000224b43046a2 sp=0x00000036dd3efd98 mode 2
Event: 46.928 Thread 0x00000225089f8d30 Uncommon trap: trap_request=0xffffff45 fr.pc=0x00000224b4983fd8 relative=0x0000000000000218
Event: 46.928 Thread 0x00000225089f8d30 Uncommon trap: reason=unstable_if action=reinterpret pc=0x00000224b4983fd8 method=java.lang.String.startsWith(Ljava/lang/String;I)Z @ 50 c2
Event: 46.928 Thread 0x00000225089f8d30 DEOPT PACKING pc=0x00000224b4983fd8 sp=0x00000036dd3efe50
Event: 46.928 Thread 0x00000225089f8d30 DEOPT UNPACKING pc=0x00000224b43046a2 sp=0x00000036dd3efdf0 mode 2
Event: 46.928 Thread 0x00000225089f8d30 Uncommon trap: trap_request=0xffffff45 fr.pc=0x00000224b4adf770 relative=0x0000000000000390
Event: 46.928 Thread 0x00000225089f8d30 Uncommon trap: reason=unstable_if action=reinterpret pc=0x00000224b4adf770 method=java.lang.String.getBytesNoRepl1(Ljava/lang/String;Ljava/nio/charset/Charset;)[B @ 18 c2
Event: 46.928 Thread 0x00000225089f8d30 DEOPT PACKING pc=0x00000224b4adf770 sp=0x00000036dd3eff40
Event: 46.928 Thread 0x00000225089f8d30 DEOPT UNPACKING pc=0x00000224b43046a2 sp=0x00000036dd3efda0 mode 2
Event: 46.928 Thread 0x00000225089f8d30 Uncommon trap: trap_request=0xffffff45 fr.pc=0x00000224b4b0dc00 relative=0x0000000000000240
Event: 46.928 Thread 0x00000225089f8d30 Uncommon trap: reason=unstable_if action=reinterpret pc=0x00000224b4b0dc00 method=sun.net.www.ParseUtil.firstEncodeIndex(Ljava/lang/String;)I @ 27 c2
Event: 46.928 Thread 0x00000225089f8d30 DEOPT PACKING pc=0x00000224b4b0dc00 sp=0x00000036dd3efff0
Event: 46.928 Thread 0x00000225089f8d30 DEOPT UNPACKING pc=0x00000224b43046a2 sp=0x00000036dd3efea0 mode 2
Event: 46.929 Thread 0x00000225089f8d30 Uncommon trap: trap_request=0xffffff45 fr.pc=0x00000224b4ae948c relative=0x00000000000025ac
Event: 46.929 Thread 0x00000225089f8d30 Uncommon trap: reason=unstable_if action=reinterpret pc=0x00000224b4ae948c method=java.lang.String.indexOf(II)I @ 4 c2
Event: 46.929 Thread 0x00000225089f8d30 DEOPT PACKING pc=0x00000224b4ae948c sp=0x00000036dd3eff20
Event: 46.929 Thread 0x00000225089f8d30 DEOPT UNPACKING pc=0x00000224b43046a2 sp=0x00000036dd3efcf0 mode 2

Classes loaded (20 events):
Event: 46.189 Loading class java/io/IOError
Event: 46.189 Loading class java/io/IOError done
Event: 46.196 Loading class java/nio/channels/FileChannel$MapMode
Event: 46.196 Loading class java/nio/channels/FileChannel$MapMode done
Event: 46.196 Loading class jdk/internal/misc/ExtendedMapMode
Event: 46.196 Loading class jdk/internal/misc/ExtendedMapMode done
Event: 46.197 Loading class sun/nio/ch/FileChannelImpl$DefaultUnmapper
Event: 46.197 Loading class sun/nio/ch/FileChannelImpl$Unmapper
Event: 46.197 Loading class jdk/internal/access/foreign/UnmapperProxy
Event: 46.197 Loading class jdk/internal/access/foreign/UnmapperProxy done
Event: 46.197 Loading class sun/nio/ch/FileChannelImpl$Unmapper done
Event: 46.197 Loading class sun/nio/ch/FileChannelImpl$DefaultUnmapper done
Event: 46.197 Loading class sun/nio/ch/Util$4
Event: 46.197 Loading class sun/nio/ch/Util$4 done
Event: 46.202 Loading class java/io/UTFDataFormatException
Event: 46.202 Loading class java/io/UTFDataFormatException done
Event: 46.263 Loading class java/util/zip/ZipFile$ZipEntryIterator
Event: 46.263 Loading class java/util/zip/ZipFile$ZipEntryIterator done
Event: 46.888 Loading class java/nio/channels/NonWritableChannelException
Event: 46.888 Loading class java/nio/channels/NonWritableChannelException done

Classes unloaded (0 events):
No events

Classes redefined (0 events):
No events

Internal exceptions (20 events):
Event: 34.705 Thread 0x00000225089f8d30 Implicit null exception at 0x00000224b4902add to 0x00000224b4902d20
Event: 35.524 Thread 0x00000225089f8d30 Exception <a 'java/lang/ClassNotFoundException'{0x000000008dd2e628}: sun/misc/SharedSecrets> (0x000000008dd2e628) 
thrown [s\open\src\hotspot\share\classfile\systemDictionary.cpp, line 312]
Event: 37.832 Thread 0x00000225089f8d30 Exception <a 'java/lang/IncompatibleClassChangeError'{0x0000000085665c60}: Found class java.lang.Object, but interface was expected> (0x0000000085665c60) 
thrown [s\open\src\hotspot\share\interpreter\linkResolver.cpp, line 840]
Event: 39.081 Thread 0x00000225089f8d30 Implicit null exception at 0x00000224b4afb141 to 0x00000224b4afb2a4
Event: 44.729 Thread 0x00000225089f8d30 Exception <a 'sun/nio/fs/WindowsException'{0x00000000863be858}> (0x00000000863be858) 
thrown [s\open\src\hotspot\share\prims\jni.cpp, line 520]
Event: 44.730 Thread 0x00000225089f8d30 Exception <a 'sun/nio/fs/WindowsException'{0x00000000863c0360}> (0x00000000863c0360) 
thrown [s\open\src\hotspot\share\prims\jni.cpp, line 520]
Event: 45.020 Thread 0x00000225089f8d30 Exception <a 'java/lang/NoSuchMethodError'{0x0000000085935a38}: 'long java.lang.invoke.DirectMethodHandle$Holder.invokeStatic(java.lang.Object)'> (0x0000000085935a38) 
thrown [s\open\src\hotspot\share\interpreter\linkResolver.cpp, line 773]
Event: 45.020 Thread 0x00000225089f8d30 Exception <a 'java/lang/NoSuchMethodError'{0x000000008593a350}: 'long java.lang.invoke.DirectMethodHandle$Holder.invokeStaticInit(java.lang.Object)'> (0x000000008593a350) 
thrown [s\open\src\hotspot\share\interpreter\linkResolver.cpp, line 773]
Event: 45.166 Thread 0x00000225089f8d30 Exception <a 'java/lang/NoSuchMethodError'{0x000000008df1d6a0}: 'long java.lang.invoke.Invokers$Holder.invoke_MT(java.lang.Object, java.lang.Object, java.lang.Object, java.lang.Object)'> (0x000000008df1d6a0) 
thrown [s\open\src\hotspot\share\interpreter\linkResolver.cpp, line 773]
Event: 45.167 Thread 0x00000225089f8d30 Exception <a 'java/lang/NoSuchMethodError'{0x000000008df26138}: 'int java.lang.invoke.Invokers$Holder.invoke_MT(java.lang.Object, java.lang.Object, java.lang.Object, java.lang.Object)'> (0x000000008df26138) 
thrown [s\open\src\hotspot\share\interpreter\linkResolver.cpp, line 773]
Event: 45.169 Thread 0x00000225089f8d30 Exception <a 'java/lang/NoSuchMethodError'{0x000000008df32218}: 'void java.lang.invoke.DelegatingMethodHandle$Holder.reinvoke_L(java.lang.Object, java.lang.Object, java.lang.Object, long, java.lang.Object)'> (0x000000008df32218) 
thrown [s\open\src\hotspot\share\interpreter\linkResolver.cpp, line 773]
Event: 45.171 Thread 0x00000225089f8d30 Exception <a 'java/lang/NoSuchMethodError'{0x000000008df44c00}: 'int java.lang.invoke.DelegatingMethodHandle$Holder.reinvoke_L(java.lang.Object, java.lang.Object, java.lang.Object, long, java.lang.Object, java.lang.Object)'> (0x000000008df44c00) 
thrown [s\open\src\hotspot\share\interpreter\linkResolver.cpp, line 773]
Event: 45.171 Thread 0x00000225089f8d30 Exception <a 'java/lang/NoSuchMethodError'{0x000000008df540d8}: 'int java.lang.invoke.DelegatingMethodHandle$Holder.reinvoke_L(java.lang.Object, java.lang.Object, java.lang.Object, long, int, int)'> (0x000000008df540d8) 
thrown [s\open\src\hotspot\share\interpreter\linkResolver.cpp, line 773]
Event: 45.172 Thread 0x00000225089f8d30 Exception <a 'java/lang/NoSuchMethodError'{0x000000008df63360}: 'int java.lang.invoke.DelegatingMethodHandle$Holder.reinvoke_L(java.lang.Object, java.lang.Object, java.lang.Object, long, long, long)'> (0x000000008df63360) 
thrown [s\open\src\hotspot\share\interpreter\linkResolver.cpp, line 773]
Event: 45.173 Thread 0x00000225089f8d30 Exception <a 'java/lang/NoSuchMethodError'{0x000000008df722c8}: 'int java.lang.invoke.DelegatingMethodHandle$Holder.reinvoke_L(java.lang.Object, java.lang.Object, java.lang.Object, long, int)'> (0x000000008df722c8) 
thrown [s\open\src\hotspot\share\interpreter\linkResolver.cpp, line 773]
Event: 46.142 Thread 0x00000225089f8d30 Exception <a 'java/lang/NoSuchMethodError'{0x00000000864f9ba0}: 'java.lang.Object java.lang.invoke.Invokers$Holder.invokeExact_MT(java.lang.Object, java.lang.Object, long, java.lang.Object)'> (0x00000000864f9ba0) 
thrown [s\open\src\hotspot\share\interpreter\linkResolver.cpp, line 773]
Event: 46.198 Thread 0x00000225089f8d30 Exception <a 'java/lang/NoSuchMethodError'{0x00000000861453b8}: 'long java.lang.invoke.DirectMethodHandle$Holder.invokeStatic(java.lang.Object, java.lang.Object, int)'> (0x00000000861453b8) 
thrown [s\open\src\hotspot\share\interpreter\linkResolver.cpp, line 773]
Event: 46.199 Thread 0x00000225089f8d30 Exception <a 'java/lang/NoSuchMethodError'{0x0000000086151898}: 'java.lang.Object java.lang.invoke.DelegatingMethodHandle$Holder.reinvoke_L(java.lang.Object, int, long, java.lang.Object, java.lang.Object, int, java.lang.Object)'> (0x0000000086151898) 
thrown [s\open\src\hotspot\share\interpreter\linkResolver.cpp, line 773]
Event: 46.263 Thread 0x00000225089f8d30 Implicit null exception at 0x00000224b4a6f366 to 0x00000224b4a6ff0c
Event: 46.663 Thread 0x00000225089f8d30 Implicit null exception at 0x00000224b4d44035 to 0x00000224b4d46214

ZGC Phase Switch (0 events):
No events

VM Operations (20 events):
Event: 44.723 Executing VM operation: HandshakeAllThreads (Deoptimize) done
Event: 45.033 Executing VM operation: HandshakeAllThreads (Deoptimize)
Event: 45.033 Executing VM operation: HandshakeAllThreads (Deoptimize) done
Event: 45.104 Executing VM operation: G1CollectForAllocation (G1 Evacuation Pause)
Event: 45.109 Executing VM operation: G1CollectForAllocation (G1 Evacuation Pause) done
Event: 45.182 Executing VM operation: G1PauseRemark
Event: 45.188 Executing VM operation: G1PauseRemark done
Event: 45.222 Executing VM operation: G1PauseCleanup
Event: 45.222 Executing VM operation: G1PauseCleanup done
Event: 45.980 Executing VM operation: HandshakeAllThreads (Deoptimize)
Event: 45.980 Executing VM operation: HandshakeAllThreads (Deoptimize) done
Event: 46.257 Executing VM operation: G1CollectForAllocation (G1 Evacuation Pause)
Event: 46.263 Executing VM operation: G1CollectForAllocation (G1 Evacuation Pause) done
Event: 46.650 Executing VM operation: G1CollectForAllocation (G1 Evacuation Pause)
Event: 46.662 Executing VM operation: G1CollectForAllocation (G1 Evacuation Pause) done
Event: 46.888 Executing VM operation: HandshakeAllThreads (Deoptimize)
Event: 46.888 Executing VM operation: HandshakeAllThreads (Deoptimize) done
Event: 47.040 Executing VM operation: G1CollectForAllocation (G1 Evacuation Pause)
Event: 47.052 Executing VM operation: G1CollectForAllocation (G1 Evacuation Pause) done
Event: 47.145 Executing VM operation: G1PauseRemark

Events (20 events):
Event: 47.148 Thread 0x00000224c130ccd0 flushing nmethod 0x00000224ad24f810
Event: 47.148 Thread 0x00000224c130ccd0 flushing nmethod 0x00000224ad353790
Event: 47.148 Thread 0x00000224c130ccd0 flushing nmethod 0x00000224ad504e10
Event: 47.148 Thread 0x00000224c130ccd0 flushing nmethod 0x00000224ad65c590
Event: 47.148 Thread 0x00000224c130ccd0 flushing nmethod 0x00000224ad65cb10
Event: 47.148 Thread 0x00000224c130ccd0 flushing nmethod 0x00000224ad6e2810
Event: 47.148 Thread 0x00000224c130ccd0 flushing nmethod 0x00000224ad6e2e90
Event: 47.148 Thread 0x00000224c130ccd0 flushing nmethod 0x00000224ad767710
Event: 47.148 Thread 0x00000224c130ccd0 flushing nmethod 0x00000224ad76a410
Event: 47.148 Thread 0x00000224c130ccd0 flushing nmethod 0x00000224ad76ae10
Event: 47.148 Thread 0x00000224c130ccd0 flushing nmethod 0x00000224ad942290
Event: 47.148 Thread 0x00000224c130ccd0 flushing nmethod 0x00000224ad9f1c90
Event: 47.148 Thread 0x00000224c130ccd0 flushing nmethod 0x00000224ad9f8010
Event: 47.148 Thread 0x00000224c130ccd0 flushing nmethod 0x00000224ada74190
Event: 47.148 Thread 0x00000224c130ccd0 flushing nmethod 0x00000224ada74890
Event: 47.148 Thread 0x00000224c130ccd0 flushing nmethod 0x00000224ada75790
Event: 47.148 Thread 0x00000224c130ccd0 flushing nmethod 0x00000224adb18310
Event: 47.148 Thread 0x00000224c130ccd0 flushing nmethod 0x00000224adc65b10
Event: 47.148 Thread 0x00000224c130ccd0 flushing nmethod 0x00000224add2ba10
Event: 47.148 Thread 0x00000224c130ccd0 flushing nmethod 0x00000224addd7090


Dynamic libraries:
0x00007ff77b000000 - 0x00007ff77b010000 	C:\Program Files\Java\jdk-21.0.6\bin\java.exe
0x00007ffdcd490000 - 0x00007ffdcd6a6000 	C:\Windows\SYSTEM32\ntdll.dll
0x00007ffdcc0f0000 - 0x00007ffdcc1b4000 	C:\Windows\System32\KERNEL32.DLL
0x00007ffdca920000 - 0x00007ffdcacc7000 	C:\Windows\System32\KERNELBASE.dll
0x00007ffdcaeb0000 - 0x00007ffdcafc1000 	C:\Windows\System32\ucrtbase.dll
0x00007ffd8dae0000 - 0x00007ffd8daf9000 	C:\Program Files\Java\jdk-21.0.6\bin\jli.dll
0x00007ffdcb720000 - 0x00007ffdcb7d2000 	C:\Windows\System32\ADVAPI32.dll
0x00007ffdcba50000 - 0x00007ffdcbaf7000 	C:\Windows\System32\msvcrt.dll
0x00007ffdccb40000 - 0x00007ffdccbe8000 	C:\Windows\System32\sechost.dll
0x00007ffdca850000 - 0x00007ffdca878000 	C:\Windows\System32\bcrypt.dll
0x00007ffdcb7e0000 - 0x00007ffdcb8f5000 	C:\Windows\System32\RPCRT4.dll
0x00007ffdcbb60000 - 0x00007ffdcbd0e000 	C:\Windows\System32\USER32.dll
0x00007ffdca8f0000 - 0x00007ffdca916000 	C:\Windows\System32\win32u.dll
0x00007ffdcc0b0000 - 0x00007ffdcc0d9000 	C:\Windows\System32\GDI32.dll
0x00007ffdcacd0000 - 0x00007ffdcade9000 	C:\Windows\System32\gdi32full.dll
0x00007ffdca7b0000 - 0x00007ffdca84a000 	C:\Windows\System32\msvcp_win.dll
0x00007ffd8d470000 - 0x00007ffd8d48b000 	C:\Program Files\Java\jdk-21.0.6\bin\VCRUNTIME140.dll
0x00007ffdba660000 - 0x00007ffdba8f3000 	C:\Windows\WinSxS\amd64_microsoft.windows.common-controls_6595b64144ccf1df_6.0.22621.3235_none_270f74e173860f98\COMCTL32.dll
0x00007ffdc2b20000 - 0x00007ffdc2b2a000 	C:\Windows\SYSTEM32\VERSION.dll
0x00007ffdcb900000 - 0x00007ffdcb931000 	C:\Windows\System32\IMM32.DLL
0x00007ffd90cf0000 - 0x00007ffd90cfc000 	C:\Program Files\Java\jdk-21.0.6\bin\vcruntime140_1.dll
0x00007ffd84840000 - 0x00007ffd848ce000 	C:\Program Files\Java\jdk-21.0.6\bin\msvcp140.dll
0x00007ffd325e0000 - 0x00007ffd332fa000 	C:\Program Files\Java\jdk-21.0.6\bin\server\jvm.dll
0x00007ffdcb4d0000 - 0x00007ffdcb541000 	C:\Windows\System32\WS2_32.dll
0x00007ffdca680000 - 0x00007ffdca6cd000 	C:\Windows\SYSTEM32\POWRPROF.dll
0x00007ffdc3e00000 - 0x00007ffdc3e34000 	C:\Windows\SYSTEM32\WINMM.dll
0x00007ffdca660000 - 0x00007ffdca673000 	C:\Windows\SYSTEM32\UMPDC.dll
0x00007ffdc9800000 - 0x00007ffdc9818000 	C:\Windows\SYSTEM32\kernel.appcore.dll
0x00007ffd906d0000 - 0x00007ffd906da000 	C:\Program Files\Java\jdk-21.0.6\bin\jimage.dll
0x00007ffdbe880000 - 0x00007ffdbeab3000 	C:\Windows\SYSTEM32\DBGHELP.DLL
0x00007ffdcbd20000 - 0x00007ffdcc0a8000 	C:\Windows\System32\combase.dll
0x00007ffdcb1c0000 - 0x00007ffdcb297000 	C:\Windows\System32\OLEAUT32.dll
0x00007ffdb27f0000 - 0x00007ffdb2822000 	C:\Windows\SYSTEM32\dbgcore.DLL
0x00007ffdcb140000 - 0x00007ffdcb1b9000 	C:\Windows\System32\bcryptPrimitives.dll
0x00007ffd8e040000 - 0x00007ffd8e04f000 	C:\Program Files\Java\jdk-21.0.6\bin\instrument.dll
0x00007ffd8d220000 - 0x00007ffd8d23f000 	C:\Program Files\Java\jdk-21.0.6\bin\java.dll
0x00007ffdccbf0000 - 0x00007ffdcd44c000 	C:\Windows\System32\SHELL32.dll
0x00007ffdc8730000 - 0x00007ffdc9029000 	C:\Windows\SYSTEM32\windows.storage.dll
0x00007ffdc85f0000 - 0x00007ffdc872e000 	C:\Windows\SYSTEM32\wintypes.dll
0x00007ffdcb3d0000 - 0x00007ffdcb4c3000 	C:\Windows\System32\SHCORE.dll
0x00007ffdcc490000 - 0x00007ffdcc4ee000 	C:\Windows\System32\shlwapi.dll
0x00007ffdca6e0000 - 0x00007ffdca701000 	C:\Windows\SYSTEM32\profapi.dll
0x00007ffd793c0000 - 0x00007ffd79497000 	C:\Program Files\Java\jdk-21.0.6\bin\jsvml.dll
0x00007ffd8d180000 - 0x00007ffd8d198000 	C:\Program Files\Java\jdk-21.0.6\bin\zip.dll
0x00007ffd8dbd0000 - 0x00007ffd8dbe0000 	C:\Program Files\Java\jdk-21.0.6\bin\net.dll
0x00007ffdc43f0000 - 0x00007ffdc4526000 	C:\Windows\SYSTEM32\WINHTTP.dll
0x00007ffdc9c70000 - 0x00007ffdc9cd9000 	C:\Windows\system32\mswsock.dll
0x00007ffd8ae70000 - 0x00007ffd8ae86000 	C:\Program Files\Java\jdk-21.0.6\bin\nio.dll
0x00007ffd8d460000 - 0x00007ffd8d470000 	C:\Program Files\Java\jdk-21.0.6\bin\verify.dll
0x00007ffd9c710000 - 0x00007ffd9c737000 	C:\Users\Admin\.gradle\native\c067742578af261105cb4f569cf0c3c89f3d7b1fecec35dd04571415982c5e48\windows-amd64\native-platform.dll
0x00007ffd84af0000 - 0x00007ffd84c34000 	C:\Users\Admin\.gradle\native\100fb08df4bc3b14c8652ba06237920a3bd2aa13389f12d3474272988ae205f9\windows-amd64\native-platform-file-events.dll
0x00007ffd8d420000 - 0x00007ffd8d42a000 	C:\Program Files\Java\jdk-21.0.6\bin\management.dll
0x00007ffd8d210000 - 0x00007ffd8d21b000 	C:\Program Files\Java\jdk-21.0.6\bin\management_ext.dll
0x00007ffdcbb50000 - 0x00007ffdcbb58000 	C:\Windows\System32\PSAPI.DLL
0x00007ffdc9ed0000 - 0x00007ffdc9eeb000 	C:\Windows\SYSTEM32\CRYPTSP.dll
0x00007ffdc9760000 - 0x00007ffdc9795000 	C:\Windows\system32\rsaenh.dll
0x00007ffdc9d60000 - 0x00007ffdc9d88000 	C:\Windows\SYSTEM32\USERENV.dll
0x00007ffdc9ec0000 - 0x00007ffdc9ecc000 	C:\Windows\SYSTEM32\CRYPTBASE.dll
0x00007ffdc9290000 - 0x00007ffdc92bd000 	C:\Windows\SYSTEM32\IPHLPAPI.DLL
0x00007ffdcbd10000 - 0x00007ffdcbd19000 	C:\Windows\System32\NSI.dll
0x00007ffd8d000000 - 0x00007ffd8d009000 	C:\Program Files\Java\jdk-21.0.6\bin\extnet.dll
0x00007ffd8b1c0000 - 0x00007ffd8b1ce000 	C:\Program Files\Java\jdk-21.0.6\bin\sunmscapi.dll
0x00007ffdcafd0000 - 0x00007ffdcb136000 	C:\Windows\System32\CRYPT32.dll
0x00007ffdca080000 - 0x00007ffdca0ae000 	C:\Windows\SYSTEM32\ncrypt.dll
0x00007ffdca040000 - 0x00007ffdca077000 	C:\Windows\SYSTEM32\NTASN1.dll
0x00007ffdb98c0000 - 0x00007ffdb98c8000 	C:\Windows\system32\wshunix.dll

dbghelp: loaded successfully - version: 4.0.5 - missing functions: none
symbol engine: initialized successfully - sym options: 0x614 - pdb path: .;C:\Program Files\Java\jdk-21.0.6\bin;C:\Windows\SYSTEM32;C:\Windows\WinSxS\amd64_microsoft.windows.common-controls_6595b64144ccf1df_6.0.22621.3235_none_270f74e173860f98;C:\Program Files\Java\jdk-21.0.6\bin\server;C:\Users\Admin\.gradle\native\c067742578af261105cb4f569cf0c3c89f3d7b1fecec35dd04571415982c5e48\windows-amd64;C:\Users\Admin\.gradle\native\100fb08df4bc3b14c8652ba06237920a3bd2aa13389f12d3474272988ae205f9\windows-amd64

VM Arguments:
jvm_args: --add-opens=java.base/java.util=ALL-UNNAMED --add-opens=java.base/java.lang=ALL-UNNAMED --add-opens=java.base/java.lang.invoke=ALL-UNNAMED --add-opens=java.prefs/java.util.prefs=ALL-UNNAMED --add-exports=jdk.compiler/com.sun.tools.javac.api=ALL-UNNAMED --add-exports=jdk.compiler/com.sun.tools.javac.util=ALL-UNNAMED --add-opens=java.base/java.nio.charset=ALL-UNNAMED --add-opens=java.base/java.net=ALL-UNNAMED --add-opens=java.base/java.util.concurrent.atomic=ALL-UNNAMED -Xmx2048m -Dfile.encoding=UTF-8 -Duser.country=US -Duser.language=en -Duser.variant -javaagent:C:\Users\Admin\.gradle\wrapper\dists\gradle-8.10.2-bin\a04bxjujx95o3nb99gddekhwo\gradle-8.10.2\lib\agents\gradle-instrumentation-agent-8.10.2.jar 
java_command: org.gradle.launcher.daemon.bootstrap.GradleDaemon 8.10.2
java_class_path (initial): C:\Users\Admin\.gradle\wrapper\dists\gradle-8.10.2-bin\a04bxjujx95o3nb99gddekhwo\gradle-8.10.2\lib\gradle-daemon-main-8.10.2.jar
Launcher Type: SUN_STANDARD

[Global flags]
     intx CICompilerCount                          = 4                                         {product} {ergonomic}
     uint ConcGCThreads                            = 2                                         {product} {ergonomic}
     uint G1ConcRefinementThreads                  = 8                                         {product} {ergonomic}
   size_t G1HeapRegionSize                         = 1048576                                   {product} {ergonomic}
    uintx GCDrainStackTargetSize                   = 64                                        {product} {ergonomic}
   size_t InitialHeapSize                          = 234881024                                 {product} {ergonomic}
   size_t MarkStackSize                            = 4194304                                   {product} {ergonomic}
   size_t MaxHeapSize                              = 2147483648                                {product} {command line}
   size_t MaxNewSize                               = 1287651328                                {product} {ergonomic}
   size_t MinHeapDeltaBytes                        = 1048576                                   {product} {ergonomic}
   size_t MinHeapSize                              = 8388608                                   {product} {ergonomic}
    uintx NonNMethodCodeHeapSize                   = 5839372                                {pd product} {ergonomic}
    uintx NonProfiledCodeHeapSize                  = 122909434                              {pd product} {ergonomic}
    uintx ProfiledCodeHeapSize                     = 122909434                              {pd product} {ergonomic}
    uintx ReservedCodeCacheSize                    = 251658240                              {pd product} {ergonomic}
     bool SegmentedCodeCache                       = true                                      {product} {ergonomic}
   size_t SoftMaxHeapSize                          = 2147483648                             {manageable} {ergonomic}
     bool UseCompressedOops                        = true                           {product lp64_product} {ergonomic}
     bool UseG1GC                                  = true                                      {product} {ergonomic}
     bool UseLargePagesIndividualAllocation        = false                                  {pd product} {ergonomic}

Logging:
Log output configuration:
 #0: stdout all=warning uptime,level,tags foldmultilines=false
 #1: stderr all=off uptime,level,tags foldmultilines=false

Environment Variables:
PATH=C:\Users\Admin\Desktop\APP\Admin\db_home\bin;C:\Program Files (x86)\VMware\VMware Workstation\bin\;C:\Program Files\Common Files\Oracle\Java\javapath;C:\Windows\system32;C:\Windows;C:\Windows\System32\Wbem;C:\Windows\System32\WindowsPowerShell\v1.0\;C:\Windows\System32\OpenSSH\;C:\Program Files\NVIDIA Corporation\NVIDIA app\NvDLISR;C:\Program Files (x86)\NVIDIA Corporation\PhysX\Common;C:\Program Files\dotnet\;C:\Program Files\Git\cmd;C:\Program Files\nodejs\;C:\Program Files\Docker\Docker\resources\bin;c:\Users\Admin\AppData\Local\Programs\cursor\resources\app\bin;C:\Program Files (x86)\Microsoft SQL Server\160\DTS\Binn\;C:\Users\Admin\AppData\Local\Programs\Python\Python313\Scripts\;C:\Users\Admin\AppData\Local\Programs\Python\Python313\;C:\Users\Admin\AppData\Local\Microsoft\WindowsApps;C:\Users\Admin\AppData\Local\GitHubDesktop\bin;C:\Users\Admin\AppData\Local\Programs\Microsoft VS Code\bin;C:\Users\Admin\AppData\Local\Programs\cursor\resources\app\bin;C:\Program Files\Java\jdk-23\bin;C:\Users\Admin\AppData\Roaming\npm;C:\Program Files\JetBrains\WebStorm 2025.1\bin;;C:\Users\Admin\AppData\Local\Programs\Windsurf\bin
USERNAME=Admin
OS=Windows_NT
PROCESSOR_IDENTIFIER=AMD64 Family 23 Model 24 Stepping 1, AuthenticAMD
TMP=C:\Users\Admin\AppData\Local\Temp
TEMP=C:\Users\Admin\AppData\Local\Temp




Periodic native trim disabled

---------------  S Y S T E M  ---------------

OS:
 Windows 11 , 64 bit Build 22621 (10.0.22621.3371)
OS uptime: 0 days 7:04 hours

CPU: total 8 (initial active 8) (8 cores per cpu, 2 threads per core) family 23 model 24 stepping 1 microcode 0x0, cx8, cmov, fxsr, ht, mmx, 3dnowpref, sse, sse2, sse3, ssse3, sse4a, sse4.1, sse4.2, popcnt, lzcnt, tsc, tscinvbit, avx, avx2, aes, clmul, bmi1, bmi2, adx, sha, fma, vzeroupper, clflush, clflushopt, rdtscp, f16c
Processor Information for all 8 processors :
  Max Mhz: 2100, Current Mhz: 2100, Mhz Limit: 2100

Memory: 4k page, system-wide physical 14269M (242M free)
TotalPageFile size 22461M (AvailPageFile size 4M)
current process WorkingSet (physical memory assigned to process): 386M, peak: 386M
current process commit charge ("private bytes"): 430M, peak: 459M

vm_info: Java HotSpot(TM) 64-Bit Server VM (21.0.6+8-LTS-188) for windows-amd64 JRE (21.0.6+8-LTS-188), built on 2024-12-03T10:50:54Z by "mach5one" with MS VC++ 17.6 (VS2022)

END.
